<?xml version="1.0" encoding="UTF-8"?>
<testng-results skipped="0" failed="0" ignored="0" total="1" passed="1">
  <reporter-output>
  </reporter-output>
  <suite name="Default suite" duration-ms="17325" started-at="2021-08-25T17:19:40 IST" finished-at="2021-08-25T17:19:57 IST">
    <groups>
      <group name="cucumber">
        <method signature="AbstractTestNGCucumberTests.runScenario(io.cucumber.testng.PickleWrapper,io.cucumber.testng.FeatureWrapper)[pri:0, instance:Runner.Run1@1a0dcaa]" name="runScenario" class="io.cucumber.testng.AbstractTestNGCucumberTests"/>
      </group> <!-- cucumber -->
    </groups>
    <test name="Default test" duration-ms="17325" started-at="2021-08-25T17:19:40 IST" finished-at="2021-08-25T17:19:57 IST">
      <class name="Runner.Run1">
        <test-method status="PASS" signature="setUpClass()[pri:0, instance:Runner.Run1@1a0dcaa]" name="setUpClass" is-config="true" duration-ms="306" started-at="2021-08-25T17:19:40 IST" finished-at="2021-08-25T17:19:40 IST">
          <reporter-output>
          </reporter-output>
        </test-method> <!-- setUpClass -->
        <test-method status="PASS" signature="runScenario(io.cucumber.testng.PickleWrapper,io.cucumber.testng.FeatureWrapper)[pri:0, instance:Runner.Run1@1a0dcaa]" name="runScenario" duration-ms="16966" started-at="2021-08-25T17:19:40 IST" description="Runs Cucumber Scenarios" data-provider="scenarios" finished-at="2021-08-25T17:19:57 IST">
          <params>
            <param index="0">
              <value>
                <![CDATA["test the sign in page with valid users"]]>
              </value>
            </param>
            <param index="1">
              <value>
                <![CDATA["Optional[test KSRTC application]"]]>
              </value>
            </param>
          </params>
          <reporter-output>
          </reporter-output>
        </test-method> <!-- runScenario -->
        <test-method status="PASS" signature="tearDownClass()[pri:0, instance:Runner.Run1@1a0dcaa]" name="tearDownClass" is-config="true" duration-ms="11" started-at="2021-08-25T17:19:57 IST" finished-at="2021-08-25T17:19:57 IST">
          <reporter-output>
          </reporter-output>
        </test-method> <!-- tearDownClass -->
      </class> <!-- Runner.Run1 -->
    </test> <!-- Default test -->
  </suite> <!-- Default suite -->
</testng-results>
